<?xml version="1.0" encoding="UTF-8"?>
<testng-results ignored="0" total="6" passed="6" failed="0" skipped="0">
  <reporter-output>
  </reporter-output>
  <suite started-at="2022-05-05T04:41:51Z" name="Default suite" finished-at="2022-05-05T04:42:50Z" duration-ms="58932">
    <groups>
    </groups>
    <test started-at="2022-05-05T04:41:51Z" name="Default test" finished-at="2022-05-05T04:42:50Z" duration-ms="58932">
      <class name="testNgbasic.Excercise1Restaurant">
        <test-method is-config="true" signature="beforeClass()[pri:0, instance:testNgbasic.Excercise1Restaurant@3403e2ac]" started-at="2022-05-05T04:41:52Z" name="beforeClass" finished-at="2022-05-05T04:42:14Z" duration-ms="22123" status="PASS">
          <reporter-output>
          </reporter-output>
        </test-method> <!-- beforeClass -->
        <test-method signature="succesfulLogin()[pri:0, instance:testNgbasic.Excercise1Restaurant@3403e2ac]" started-at="2022-05-05T04:42:14Z" name="succesfulLogin" finished-at="2022-05-05T04:42:29Z" duration-ms="15652" status="PASS">
          <reporter-output>
          </reporter-output>
        </test-method> <!-- succesfulLogin -->
        <test-method signature="verifySearchFunctionUnderProductTab()[pri:1, instance:testNgbasic.Excercise1Restaurant@3403e2ac]" started-at="2022-05-05T04:42:29Z" name="verifySearchFunctionUnderProductTab" finished-at="2022-05-05T04:42:32Z" duration-ms="2720" status="PASS">
          <reporter-output>
          </reporter-output>
        </test-method> <!-- verifySearchFunctionUnderProductTab -->
        <test-method signature="checkAddStoreUnderStoreTab()[pri:2, instance:testNgbasic.Excercise1Restaurant@3403e2ac]" started-at="2022-05-05T04:42:32Z" name="checkAddStoreUnderStoreTab" finished-at="2022-05-05T04:42:33Z" duration-ms="1176" status="PASS">
          <reporter-output>
          </reporter-output>
        </test-method> <!-- checkAddStoreUnderStoreTab -->
        <test-method signature="addWareHouse()[pri:3, instance:testNgbasic.Excercise1Restaurant@3403e2ac]" started-at="2022-05-05T04:42:33Z" name="addWareHouse" finished-at="2022-05-05T04:42:44Z" duration-ms="10742" status="PASS">
          <reporter-output>
          </reporter-output>
        </test-method> <!-- addWareHouse -->
        <test-method signature="logOutIsVisible()[pri:4, instance:testNgbasic.Excercise1Restaurant@3403e2ac]" started-at="2022-05-05T04:42:44Z" name="logOutIsVisible" finished-at="2022-05-05T04:42:44Z" duration-ms="97" status="PASS">
          <reporter-output>
          </reporter-output>
        </test-method> <!-- logOutIsVisible -->
        <test-method signature="logOutIsSuccesful()[pri:5, instance:testNgbasic.Excercise1Restaurant@3403e2ac]" started-at="2022-05-05T04:42:44Z" name="logOutIsSuccesful" finished-at="2022-05-05T04:42:47Z" duration-ms="2638" status="PASS">
          <reporter-output>
          </reporter-output>
        </test-method> <!-- logOutIsSuccesful -->
        <test-method is-config="true" signature="afterClass()[pri:0, instance:testNgbasic.Excercise1Restaurant@3403e2ac]" started-at="2022-05-05T04:42:47Z" name="afterClass" finished-at="2022-05-05T04:42:50Z" duration-ms="3599" status="PASS">
          <reporter-output>
          </reporter-output>
        </test-method> <!-- afterClass -->
      </class> <!-- testNgbasic.Excercise1Restaurant -->
    </test> <!-- Default test -->
  </suite> <!-- Default suite -->
</testng-results>
