<?xml version="1.0" encoding="UTF-8"?>
<!-- Generated by org.testng.reporters.JUnitXMLReporter -->
<testsuite ignored="0" hostname="JayasankerMuringothKrishnan" failures="0" tests="6" name="Default test" time="58.932" errors="0" timestamp="05 May 2022 04:42:51 GMT">
  <testcase classname="testNgbasic.Excercise1Restaurant" name="succesfulLogin" time="15.652"/>
  <testcase classname="testNgbasic.Excercise1Restaurant" name="verifySearchFunctionUnderProductTab" time="2.72"/>
  <testcase classname="testNgbasic.Excercise1Restaurant" name="checkAddStoreUnderStoreTab" time="1.176"/>
  <testcase classname="testNgbasic.Excercise1Restaurant" name="addWareHouse" time="10.742"/>
  <testcase classname="testNgbasic.Excercise1Restaurant" name="logOutIsVisible" time="0.097"/>
  <testcase classname="testNgbasic.Excercise1Restaurant" name="logOutIsSuccesful" time="2.638"/>
</testsuite> <!-- Default test -->
